{"numTotalTestSuites":23,"numPassedTestSuites":0,"numFailedTestSuites":23,"numPendingTestSuites":0,"numTotalTests":0,"numPassedTests":0,"numFailedTests":0,"numPendingTests":0,"numTodoTests":0,"snapshot":{"added":0,"failure":false,"filesAdded":0,"filesRemoved":0,"filesRemovedList":[],"filesUnmatched":0,"filesUpdated":0,"matched":0,"total":0,"unchecked":0,"uncheckedKeysByFile":[],"unmatched":0,"updated":0,"didUpdate":false},"startTime":1785010896489,"success":false,"testResults":[{"assertionResults":[],"startTime":1785010896489,"endTime":1785010896489,"status":"failed","message":"Failed to resolve import \"zone.js\" from \"src/test-setup.ts\". Does the file exist?","name":"F:/Coding/GitHub/theUnsubscribables/src/app/app.spec.ts"},{"assertionResults":[],"startTime":1785010896489,"endTime":1785010896489,"status":"failed","message":"Failed to resolve import \"zone.js\" from \"src/test-setup.ts\". Does the file exist?","name":"F:/Coding/GitHub/theUnsubscribables/src/app/pages/under-construction/under-construction.spec.ts"},{"assertionResults":[],"startTime":1785010896489,"endTime":1785010896489,"status":"failed","message":"Failed to resolve import \"zone.js\" from \"src/test-setup.ts\". Does the file exist?","name":"F:/Coding/GitHub/theUnsubscribables/src/app/pages/interview-questions/interview-questions.spec.ts"},{"assertionResults":[],"startTime":1785010896489,"endTime":1785010896489,"status":"failed","message":"Failed to resolve import \"zone.js\" from \"src/test-setup.ts\". Does the file exist?","name":"F:/Coding/GitHub/theUnsubscribables/src/app/pages/operators/operators.spec.ts"},{"assertionResults":[],"startTime":1785010896489,"endTime":1785010896489,"status":"failed","message":"Failed to resolve import \"zone.js\" from \"src/test-setup.ts\". Does the file exist?","name":"F:/Coding/GitHub/theUnsubscribables/src/app/shared/directive/console-log-comment.spec.ts"},{"assertionResults":[],"startTime":1785010896489,"endTime":1785010896489,"status":"failed","message":"Failed to resolve import \"zone.js\" from \"src/test-setup.ts\". Does the file exist?","name":"F:/Coding/GitHub/theUnsubscribables/src/app/shared/directive/sr-no.spec.ts"},{"assertionResults":[],"startTime":1785010896489,"endTime":1785010896489,"status":"failed","message":"Failed to resolve import \"zone.js\" from \"src/test-setup.ts\". Does the file exist?","name":"F:/Coding/GitHub/theUnsubscribables/src/app/shared/pipes/set-item-route-pipe.spec.ts"},{"assertionResults":[],"startTime":1785010896489,"endTime":1785010896489,"status":"failed","message":"Failed to resolve import \"zone.js\" from \"src/test-setup.ts\". Does the file exist?","name":"F:/Coding/GitHub/theUnsubscribables/src/app/shared/service/question-answer-service.spec.ts"},{"assertionResults":[],"startTime":1785010896489,"endTime":1785010896489,"status":"failed","message":"Failed to resolve import \"zone.js\" from \"src/test-setup.ts\". Does the file exist?","name":"F:/Coding/GitHub/theUnsubscribables/src/app/shared/service/shared-common-service.spec.ts"},{"assertionResults":[],"startTime":1785010896489,"endTime":1785010896489,"status":"failed","message":"Failed to resolve import \"zone.js\" from \"src/test-setup.ts\". Does the file exist?","name":"F:/Coding/GitHub/theUnsubscribables/src/app/pages/operators/conditionaland-boolean-operators/conditionaland-boolean-operators.spec.ts"},{"assertionResults":[],"startTime":1785010896489,"endTime":1785010896489,"status":"failed","message":"Failed to resolve import \"zone.js\" from \"src/test-setup.ts\". Does the file exist?","name":"F:/Coding/GitHub/theUnsubscribables/src/app/pages/operators/creation-operators/creation-operators.spec.ts"},{"assertionResults":[],"startTime":1785010896489,"endTime":1785010896489,"status":"failed","message":"Failed to resolve import \"zone.js\" from \"src/test-setup.ts\". Does the file exist?","name":"F:/Coding/GitHub/theUnsubscribables/src/app/pages/operators/filtering-operators/filtering-operators.spec.ts"},{"assertionResults":[],"startTime":1785010896489,"endTime":1785010896489,"status":"failed","message":"Failed to resolve import \"zone.js\" from \"src/test-setup.ts\". Does the file exist?","name":"F:/Coding/GitHub/theUnsubscribables/src/app/pages/operators/error-handling-operators/error-handling-operators.spec.ts"},{"assertionResults":[],"startTime":1785010896489,"endTime":1785010896489,"status":"failed","message":"Failed to resolve import \"zone.js\" from \"src/test-setup.ts\". Does the file exist?","name":"F:/Coding/GitHub/theUnsubscribables/src/app/pages/operators/join-operators/join-operators.spec.ts"},{"assertionResults":[],"startTime":1785010896489,"endTime":1785010896489,"status":"failed","message":"Failed to resolve import \"zone.js\" from \"src/test-setup.ts\". Does the file exist?","name":"F:/Coding/GitHub/theUnsubscribables/src/app/pages/operators/join-creation-operators/join-creation-operators.spec.ts"},{"assertionResults":[],"startTime":1785010896489,"endTime":1785010896489,"status":"failed","message":"Failed to resolve import \"zone.js\" from \"src/test-setup.ts\". Does the file exist?","name":"F:/Coding/GitHub/theUnsubscribables/src/app/pages/operators/mathematicaland-aggregate-operators/mathematicaland-aggregate-operators.spec.ts"},{"assertionResults":[],"startTime":1785010896489,"endTime":1785010896489,"status":"failed","message":"Failed to resolve import \"zone.js\" from \"src/test-setup.ts\". Does the file exist?","name":"F:/Coding/GitHub/theUnsubscribables/src/app/pages/operators/utility-operators/utility-operators.spec.ts"},{"assertionResults":[],"startTime":1785010896489,"endTime":1785010896489,"status":"failed","message":"Failed to resolve import \"zone.js\" from \"src/test-setup.ts\". Does the file exist?","name":"F:/Coding/GitHub/theUnsubscribables/src/app/pages/operators/transformation-operators/transformation-operators.spec.ts"},{"assertionResults":[],"startTime":1785010896489,"endTime":1785010896489,"status":"failed","message":"Failed to resolve import \"zone.js\" from \"src/test-setup.ts\". Does the file exist?","name":"F:/Coding/GitHub/theUnsubscribables/src/app/pages/operators/multicasting-operators/multicasting-operators.spec.ts"},{"assertionResults":[],"startTime":1785010896489,"endTime":1785010896489,"status":"failed","message":"Failed to resolve import \"zone.js\" from \"src/test-setup.ts\". Does the file exist?","name":"F:/Coding/GitHub/theUnsubscribables/src/app/shared/components/footer/footer.spec.ts"},{"assertionResults":[],"startTime":1785010896489,"endTime":1785010896489,"status":"failed","message":"Failed to resolve import \"zone.js\" from \"src/test-setup.ts\". Does the file exist?","name":"F:/Coding/GitHub/theUnsubscribables/src/app/shared/components/header/header.spec.ts"},{"assertionResults":[],"startTime":1785010896489,"endTime":1785010896489,"status":"failed","message":"Failed to resolve import \"zone.js\" from \"src/test-setup.ts\". Does the file exist?","name":"F:/Coding/GitHub/theUnsubscribables/src/app/shared/components/skeleton/skeleton.spec.ts"},{"assertionResults":[],"startTime":1785010896489,"endTime":1785010896489,"status":"failed","message":"Failed to resolve import \"zone.js\" from \"src/test-setup.ts\". Does the file exist?","name":"F:/Coding/GitHub/theUnsubscribables/src/app/shared/components/navbar/navbar.spec.ts"}]}